<?xml version="1.0" encoding="UTF-8"?>
<!-- Generated by org.testng.reporters.JUnitReportReporter -->
<testsuite hostname="ManiBeeee" failures="0" tests="1" name="OAuth2.o.Oauth2scenario" time="4.438" errors="0" timestamp="2024-07-23T22:55:13 IST" skipped="0">
  <testcase classname="OAuth2.o.Oauth2scenario" name="OAuthTest" time="4.438"/>
</testsuite> <!-- OAuth2.o.Oauth2scenario -->
