<?xml version="1.0" encoding="UTF-8"?>
<!-- Generated by org.testng.reporters.JUnitReportReporter -->
<testsuite hostname="ManiBeeee" failures="0" tests="1" name="Scenarios.PracticeAPIScenarios" time="5.175" errors="0" timestamp="2024-07-21T10:20:11 IST" skipped="0">
  <testcase classname="Scenarios.PracticeAPIScenarios" name="GetProductList" time="5.175"/>
</testsuite> <!-- Scenarios.PracticeAPIScenarios -->
