<?xml version="1.0" encoding="UTF-8"?>
<!-- Generated by org.testng.reporters.JUnitReportReporter -->
<testsuite hostname="ManiBeeee" failures="0" tests="1" name="Scenarios.API_Scenarios" time="4.170" errors="0" timestamp="2024-07-21T10:53:54 IST" skipped="0">
  <testcase classname="Scenarios.API_Scenarios" name="AddPlaceusingJSONFile" time="4.170"/>
</testsuite> <!-- Scenarios.API_Scenarios -->
