<?xml version="1.0" encoding="UTF-8"?>
<!-- Generated by org.testng.reporters.JUnitReportReporter -->
<testsuite hostname="ManiBeeee" failures="0" tests="1" name="Files.AmountCal" time="0.024" errors="0" timestamp="2024-06-30T20:42:26 IST" skipped="0">
  <testcase classname="Files.AmountCal" name="Sum" time="0.024"/>
</testsuite> <!-- Files.AmountCal -->
