<?xml version="1.0" encoding="UTF-8"?>
<!-- Generated by org.testng.reporters.JUnitReportReporter -->
<testsuite hostname="ManiBeeee" failures="0" tests="1" name="Files.ComplexJSONParse" time="3.655" errors="0" timestamp="2024-07-04T21:53:16 IST" skipped="0">
  <testcase classname="Files.ComplexJSONParse" name="UserDataParse" time="3.655"/>
</testsuite> <!-- Files.ComplexJSONParse -->
