<?xml version="1.0" encoding="UTF-8"?>
<!-- Generated by org.testng.reporters.JUnitReportReporter -->
<testsuite hostname="ManiBeeee" failures="0" tests="3" name="Scenarios.LibraryAPI" time="4.479" errors="0" timestamp="2024-07-21T10:09:11 IST" skipped="0">
  <testcase classname="Scenarios.LibraryAPI" name="addBook" time="3.020"/>
  <testcase classname="Scenarios.LibraryAPI" name="addBook" time="0.676"/>
  <testcase classname="Scenarios.LibraryAPI" name="addBook" time="0.783"/>
</testsuite> <!-- Scenarios.LibraryAPI -->
