<?xml version="1.0" encoding="UTF-8"?>
<!-- Generated by org.testng.reporters.JUnitReportReporter -->
<testsuite hostname="ManiBeeee" failures="0" tests="1" name="Scenarios.OAuthClientCred_Practice" time="5.427" errors="0" timestamp="2024-07-06T16:25:45 IST" skipped="0">
  <testcase classname="Scenarios.OAuthClientCred_Practice" name="OAuthGetToken" time="5.427"/>
</testsuite> <!-- Scenarios.OAuthClientCred_Practice -->
