<?xml version="1.0" encoding="UTF-8"?>
<!-- Generated by org.testng.reporters.JUnitReportReporter -->
<testsuite hostname="ManiBeeee" failures="0" tests="1" name="Scenarios.OAuthClientCredAndPOJO_Practice" time="5.504" errors="0" timestamp="2024-07-06T16:58:37 IST" skipped="0">
  <testcase classname="Scenarios.OAuthClientCredAndPOJO_Practice" name="OAuthGetToken" time="5.504"/>
</testsuite> <!-- Scenarios.OAuthClientCredAndPOJO_Practice -->
