<?xml version="1.0" encoding="UTF-8"?>
<!-- Generated by org.testng.reporters.JUnitReportReporter -->
<testsuite hostname="ManiBeeee" failures="0" tests="1" name="GraphQL_Automation.GraphQLE2EScript" time="2.444" errors="0" timestamp="2024-07-22T13:26:11 IST" skipped="0">
  <testcase classname="GraphQL_Automation.GraphQLE2EScript" name="runner" time="2.444"/>
</testsuite> <!-- GraphQL_Automation.GraphQLE2EScript -->
