<?xml version="1.0" encoding="UTF-8"?>
<!-- Generated by org.testng.reporters.JUnitReportReporter -->
<testsuite hostname="ManiBeeee" failures="0" tests="1" name="Scenarios.XmlRequestExample" time="4.227" errors="0" timestamp="2024-07-21T11:39:49 IST" skipped="0">
  <testcase classname="Scenarios.XmlRequestExample" name="Run" time="4.227"/>
</testsuite> <!-- Scenarios.XmlRequestExample -->
