<?xml version="1.0" encoding="UTF-8"?>
<!-- Generated by org.testng.reporters.JUnitReportReporter -->
<testsuite hostname="ManiBeeee" failures="0" tests="1" name="SpecBuilders.SpecBuildersTest" time="7.421" errors="0" timestamp="2024-07-13T13:12:00 IST" skipped="0">
  <testcase classname="SpecBuilders.SpecBuildersTest" name="UpdateAddressandverify" time="7.421"/>
</testsuite> <!-- SpecBuilders.SpecBuildersTest -->
