<?xml version="1.0" encoding="UTF-8"?>
<!-- Generated by org.testng.reporters.JUnitReportReporter -->
<testsuite hostname="ManiBeeee" failures="0" tests="1" name="Scenarios.EcommerceAPI" time="3.617" errors="0" timestamp="2024-07-18T10:51:22 IST" skipped="0">
  <testcase classname="Scenarios.EcommerceAPI" name="LoginRequest" time="3.617"/>
</testsuite> <!-- Scenarios.EcommerceAPI -->
